Analysis & Elaboration report for ALU
Tue Jul 16 10:35:00 2024
Quartus Prime Version 17.1.0 Build 590 10/25/2017 SJ Lite Edition


---------------------
; Table of Contents ;
---------------------
  1. Legal Notice
  2. Analysis & Elaboration Summary
  3. Parallel Compilation
  4. Analysis & Elaboration Settings
  5. Analysis & Elaboration Messages



----------------
; Legal Notice ;
----------------
Copyright (C) 2017  Intel Corporation. All rights reserved.
Your use of Intel Corporation's design tools, logic functions 
and other software and tools, and its AMPP partner logic 
functions, and any output files from any of the foregoing 
(including device programming or simulation files), and any 
associated documentation or information are expressly subject 
to the terms and conditions of the Intel Program License 
Subscription Agreement, the Intel Quartus Prime License Agreement,
the Intel FPGA IP License Agreement, or other applicable license
agreement, including, without limitation, that your use is for
the sole purpose of programming logic devices manufactured by
Intel and sold by Intel or its authorized distributors.  Please
refer to the applicable agreement for further details.



+----------------------------------------------------------------------------------+
; Analysis & Elaboration Summary                                                   ;
+------------------------------------+---------------------------------------------+
; Analysis & Elaboration Status      ; Successful - Tue Jul 16 10:35:00 2024       ;
; Quartus Prime Version              ; 17.1.0 Build 590 10/25/2017 SJ Lite Edition ;
; Revision Name                      ; ALU                                         ;
; Top-level Entity Name              ; ALU                                         ;
; Family                             ; Cyclone IV E                                ;
; Total logic elements               ; N/A until Partition Merge                   ;
;     Total combinational functions  ; N/A until Partition Merge                   ;
;     Dedicated logic registers      ; N/A until Partition Merge                   ;
; Total registers                    ; N/A until Partition Merge                   ;
; Total pins                         ; N/A until Partition Merge                   ;
; Total virtual pins                 ; N/A until Partition Merge                   ;
; Total memory bits                  ; N/A until Partition Merge                   ;
; Embedded Multiplier 9-bit elements ; N/A until Partition Merge                   ;
; Total PLLs                         ; N/A until Partition Merge                   ;
+------------------------------------+---------------------------------------------+


+------------------------------------------+
; Parallel Compilation                     ;
+----------------------------+-------------+
; Processors                 ; Number      ;
+----------------------------+-------------+
; Number detected on machine ; 16          ;
; Maximum allowed            ; 8           ;
;                            ;             ;
; Average used               ; 1.00        ;
; Maximum used               ; 1           ;
;                            ;             ;
; Usage by Processor         ; % Time Used ;
;     Processor 1            ; 100.0%      ;
+----------------------------+-------------+


+----------------------------------------------------------------------------------------------------------------------+
; Analysis & Elaboration Settings                                                                                      ;
+----------------------------------------------------------------------------+--------------------+--------------------+
; Option                                                                     ; Setting            ; Default Value      ;
+----------------------------------------------------------------------------+--------------------+--------------------+
; Device                                                                     ; EP4CE6F17C8        ;                    ;
; Top-level entity name                                                      ; ALU                ; ALU                ;
; Family name                                                                ; Cyclone IV E       ; Cyclone V          ;
; Use smart compilation                                                      ; Off                ; Off                ;
; Enable parallel Assembler and TimeQuest Timing Analyzer during compilation ; On                 ; On                 ;
; Enable compact report table                                                ; Off                ; Off                ;
; Restructure Multiplexers                                                   ; Auto               ; Auto               ;
; Create Debugging Nodes for IP Cores                                        ; Off                ; Off                ;
; Preserve fewer node names                                                  ; On                 ; On                 ;
; Intel FPGA IP Evaluation Mode                                              ; Enable             ; Enable             ;
; Verilog Version                                                            ; Verilog_2001       ; Verilog_2001       ;
; VHDL Version                                                               ; VHDL_1993          ; VHDL_1993          ;
; State Machine Processing                                                   ; Auto               ; Auto               ;
; Safe State Machine                                                         ; Off                ; Off                ;
; Extract Verilog State Machines                                             ; On                 ; On                 ;
; Extract VHDL State Machines                                                ; On                 ; On                 ;
; Ignore Verilog initial constructs                                          ; Off                ; Off                ;
; Iteration limit for constant Verilog loops                                 ; 5000               ; 5000               ;
; Iteration limit for non-constant Verilog loops                             ; 250                ; 250                ;
; Add Pass-Through Logic to Inferred RAMs                                    ; On                 ; On                 ;
; Infer RAMs from Raw Logic                                                  ; On                 ; On                 ;
; Parallel Synthesis                                                         ; On                 ; On                 ;
; DSP Block Balancing                                                        ; Auto               ; Auto               ;
; NOT Gate Push-Back                                                         ; On                 ; On                 ;
; Power-Up Don't Care                                                        ; On                 ; On                 ;
; Remove Redundant Logic Cells                                               ; Off                ; Off                ;
; Remove Duplicate Registers                                                 ; On                 ; On                 ;
; Ignore CARRY Buffers                                                       ; Off                ; Off                ;
; Ignore CASCADE Buffers                                                     ; Off                ; Off                ;
; Ignore GLOBAL Buffers                                                      ; Off                ; Off                ;
; Ignore ROW GLOBAL Buffers                                                  ; Off                ; Off                ;
; Ignore LCELL Buffers                                                       ; Off                ; Off                ;
; Ignore SOFT Buffers                                                        ; On                 ; On                 ;
; Limit AHDL Integers to 32 Bits                                             ; Off                ; Off                ;
; Optimization Technique                                                     ; Balanced           ; Balanced           ;
; Carry Chain Length                                                         ; 70                 ; 70                 ;
; Auto Carry Chains                                                          ; On                 ; On                 ;
; Auto Open-Drain Pins                                                       ; On                 ; On                 ;
; Perform WYSIWYG Primitive Resynthesis                                      ; Off                ; Off                ;
; Auto ROM Replacement                                                       ; On                 ; On                 ;
; Auto RAM Replacement                                                       ; On                 ; On                 ;
; Auto DSP Block Replacement                                                 ; On                 ; On                 ;
; Auto Shift Register Replacement                                            ; Auto               ; Auto               ;
; Allow Shift Register Merging across Hierarchies                            ; Auto               ; Auto               ;
; Auto Clock Enable Replacement                                              ; On                 ; On                 ;
; Strict RAM Replacement                                                     ; Off                ; Off                ;
; Allow Synchronous Control Signals                                          ; On                 ; On                 ;
; Force Use of Synchronous Clear Signals                                     ; Off                ; Off                ;
; Auto RAM Block Balancing                                                   ; On                 ; On                 ;
; Auto RAM to Logic Cell Conversion                                          ; Off                ; Off                ;
; Auto Resource Sharing                                                      ; Off                ; Off                ;
; Allow Any RAM Size For Recognition                                         ; Off                ; Off                ;
; Allow Any ROM Size For Recognition                                         ; Off                ; Off                ;
; Allow Any Shift Register Size For Recognition                              ; Off                ; Off                ;
; Use LogicLock Constraints during Resource Balancing                        ; On                 ; On                 ;
; Ignore translate_off and synthesis_off directives                          ; Off                ; Off                ;
; Timing-Driven Synthesis                                                    ; On                 ; On                 ;
; Report Parameter Settings                                                  ; On                 ; On                 ;
; Report Source Assignments                                                  ; On                 ; On                 ;
; Report Connectivity Checks                                                 ; On                 ; On                 ;
; Ignore Maximum Fan-Out Assignments                                         ; Off                ; Off                ;
; Synchronization Register Chain Length                                      ; 2                  ; 2                  ;
; Power Optimization During Synthesis                                        ; Normal compilation ; Normal compilation ;
; HDL message level                                                          ; Level2             ; Level2             ;
; Suppress Register Optimization Related Messages                            ; Off                ; Off                ;
; Number of Removed Registers Reported in Synthesis Report                   ; 5000               ; 5000               ;
; Number of Swept Nodes Reported in Synthesis Report                         ; 5000               ; 5000               ;
; Number of Inverted Registers Reported in Synthesis Report                  ; 100                ; 100                ;
; Clock MUX Protection                                                       ; On                 ; On                 ;
; Auto Gated Clock Conversion                                                ; Off                ; Off                ;
; Block Design Naming                                                        ; Auto               ; Auto               ;
; SDC constraint protection                                                  ; Off                ; Off                ;
; Synthesis Effort                                                           ; Auto               ; Auto               ;
; Shift Register Replacement - Allow Asynchronous Clear Signal               ; On                 ; On                 ;
; Pre-Mapping Resynthesis Optimization                                       ; Off                ; Off                ;
; Analysis & Synthesis Message Level                                         ; Medium             ; Medium             ;
; Disable Register Merging Across Hierarchies                                ; Auto               ; Auto               ;
; Resource Aware Inference For Block RAM                                     ; On                 ; On                 ;
+----------------------------------------------------------------------------+--------------------+--------------------+


+---------------------------------+
; Analysis & Elaboration Messages ;
+---------------------------------+
Info: *******************************************************************
Info: Running Quartus Prime Analysis & Elaboration
    Info: Version 17.1.0 Build 590 10/25/2017 SJ Lite Edition
    Info: Processing started: Tue Jul 16 10:34:44 2024
Info: Command: quartus_map --read_settings_files=on --write_settings_files=off ALU -c ALU --analysis_and_elaboration
Warning (18236): Number of processors has not been specified which may cause overloading on shared machines.  Set the global assignment NUM_PARALLEL_PROCESSORS in your QSF to an appropriate value for best performance.
Info (20030): Parallel compilation is enabled and will use 8 of the 8 processors detected
Info (12021): Found 2 design units, including 1 entities, in source file alu.vhd
    Info (12022): Found design unit 1: ALU-Behavioral File: D:/20_FPGA_Demo/09_Mini_Project_ALU/ALU.vhd Line: 14
    Info (12023): Found entity 1: ALU File: D:/20_FPGA_Demo/09_Mini_Project_ALU/ALU.vhd Line: 5
Info (12021): Found 2 design units, including 1 entities, in source file alu_tb.vhd
    Info (12022): Found design unit 1: ALU_tb-Behavioral File: D:/20_FPGA_Demo/09_Mini_Project_ALU/ALU_tb.vhd Line: 9
    Info (12023): Found entity 1: ALU_tb File: D:/20_FPGA_Demo/09_Mini_Project_ALU/ALU_tb.vhd Line: 6
Info (12127): Elaborating entity "ALU" for the top level hierarchy
Warning (10492): VHDL Process Statement warning at ALU.vhd(26): signal "Mul_Result" is read inside the Process Statement but isn't in the Process Statement's sensitivity list File: D:/20_FPGA_Demo/09_Mini_Project_ALU/ALU.vhd Line: 26
Warning (10631): VHDL Process Statement warning at ALU.vhd(17): inferring latch(es) for signal or variable "Mul_Result", which holds its previous value in one or more paths through the process File: D:/20_FPGA_Demo/09_Mini_Project_ALU/ALU.vhd Line: 17
Info (10041): Inferred latch for "Mul_Result[0]" at ALU.vhd(17) File: D:/20_FPGA_Demo/09_Mini_Project_ALU/ALU.vhd Line: 17
Info (10041): Inferred latch for "Mul_Result[1]" at ALU.vhd(17) File: D:/20_FPGA_Demo/09_Mini_Project_ALU/ALU.vhd Line: 17
Info (10041): Inferred latch for "Mul_Result[2]" at ALU.vhd(17) File: D:/20_FPGA_Demo/09_Mini_Project_ALU/ALU.vhd Line: 17
Info (10041): Inferred latch for "Mul_Result[3]" at ALU.vhd(17) File: D:/20_FPGA_Demo/09_Mini_Project_ALU/ALU.vhd Line: 17
Info (10041): Inferred latch for "Mul_Result[4]" at ALU.vhd(17) File: D:/20_FPGA_Demo/09_Mini_Project_ALU/ALU.vhd Line: 17
Info (10041): Inferred latch for "Mul_Result[5]" at ALU.vhd(17) File: D:/20_FPGA_Demo/09_Mini_Project_ALU/ALU.vhd Line: 17
Info (10041): Inferred latch for "Mul_Result[6]" at ALU.vhd(17) File: D:/20_FPGA_Demo/09_Mini_Project_ALU/ALU.vhd Line: 17
Info (10041): Inferred latch for "Mul_Result[7]" at ALU.vhd(17) File: D:/20_FPGA_Demo/09_Mini_Project_ALU/ALU.vhd Line: 17
Info (10041): Inferred latch for "Mul_Result[8]" at ALU.vhd(17) File: D:/20_FPGA_Demo/09_Mini_Project_ALU/ALU.vhd Line: 17
Info (10041): Inferred latch for "Mul_Result[9]" at ALU.vhd(17) File: D:/20_FPGA_Demo/09_Mini_Project_ALU/ALU.vhd Line: 17
Info (10041): Inferred latch for "Mul_Result[10]" at ALU.vhd(17) File: D:/20_FPGA_Demo/09_Mini_Project_ALU/ALU.vhd Line: 17
Info (10041): Inferred latch for "Mul_Result[11]" at ALU.vhd(17) File: D:/20_FPGA_Demo/09_Mini_Project_ALU/ALU.vhd Line: 17
Info (10041): Inferred latch for "Mul_Result[12]" at ALU.vhd(17) File: D:/20_FPGA_Demo/09_Mini_Project_ALU/ALU.vhd Line: 17
Info (10041): Inferred latch for "Mul_Result[13]" at ALU.vhd(17) File: D:/20_FPGA_Demo/09_Mini_Project_ALU/ALU.vhd Line: 17
Info (10041): Inferred latch for "Mul_Result[14]" at ALU.vhd(17) File: D:/20_FPGA_Demo/09_Mini_Project_ALU/ALU.vhd Line: 17
Info (10041): Inferred latch for "Mul_Result[15]" at ALU.vhd(17) File: D:/20_FPGA_Demo/09_Mini_Project_ALU/ALU.vhd Line: 17
Info (10041): Inferred latch for "Mul_Result[16]" at ALU.vhd(17) File: D:/20_FPGA_Demo/09_Mini_Project_ALU/ALU.vhd Line: 17
Info (10041): Inferred latch for "Mul_Result[17]" at ALU.vhd(17) File: D:/20_FPGA_Demo/09_Mini_Project_ALU/ALU.vhd Line: 17
Info (10041): Inferred latch for "Mul_Result[18]" at ALU.vhd(17) File: D:/20_FPGA_Demo/09_Mini_Project_ALU/ALU.vhd Line: 17
Info (10041): Inferred latch for "Mul_Result[19]" at ALU.vhd(17) File: D:/20_FPGA_Demo/09_Mini_Project_ALU/ALU.vhd Line: 17
Info (10041): Inferred latch for "Mul_Result[20]" at ALU.vhd(17) File: D:/20_FPGA_Demo/09_Mini_Project_ALU/ALU.vhd Line: 17
Info (10041): Inferred latch for "Mul_Result[21]" at ALU.vhd(17) File: D:/20_FPGA_Demo/09_Mini_Project_ALU/ALU.vhd Line: 17
Info (10041): Inferred latch for "Mul_Result[22]" at ALU.vhd(17) File: D:/20_FPGA_Demo/09_Mini_Project_ALU/ALU.vhd Line: 17
Info (10041): Inferred latch for "Mul_Result[23]" at ALU.vhd(17) File: D:/20_FPGA_Demo/09_Mini_Project_ALU/ALU.vhd Line: 17
Info (10041): Inferred latch for "Mul_Result[24]" at ALU.vhd(17) File: D:/20_FPGA_Demo/09_Mini_Project_ALU/ALU.vhd Line: 17
Info (10041): Inferred latch for "Mul_Result[25]" at ALU.vhd(17) File: D:/20_FPGA_Demo/09_Mini_Project_ALU/ALU.vhd Line: 17
Info (10041): Inferred latch for "Mul_Result[26]" at ALU.vhd(17) File: D:/20_FPGA_Demo/09_Mini_Project_ALU/ALU.vhd Line: 17
Info (10041): Inferred latch for "Mul_Result[27]" at ALU.vhd(17) File: D:/20_FPGA_Demo/09_Mini_Project_ALU/ALU.vhd Line: 17
Info (10041): Inferred latch for "Mul_Result[28]" at ALU.vhd(17) File: D:/20_FPGA_Demo/09_Mini_Project_ALU/ALU.vhd Line: 17
Info (10041): Inferred latch for "Mul_Result[29]" at ALU.vhd(17) File: D:/20_FPGA_Demo/09_Mini_Project_ALU/ALU.vhd Line: 17
Info (10041): Inferred latch for "Mul_Result[30]" at ALU.vhd(17) File: D:/20_FPGA_Demo/09_Mini_Project_ALU/ALU.vhd Line: 17
Info (10041): Inferred latch for "Mul_Result[31]" at ALU.vhd(17) File: D:/20_FPGA_Demo/09_Mini_Project_ALU/ALU.vhd Line: 17
Info (10041): Inferred latch for "Mul_Result[32]" at ALU.vhd(17) File: D:/20_FPGA_Demo/09_Mini_Project_ALU/ALU.vhd Line: 17
Info (10041): Inferred latch for "Mul_Result[33]" at ALU.vhd(17) File: D:/20_FPGA_Demo/09_Mini_Project_ALU/ALU.vhd Line: 17
Info (10041): Inferred latch for "Mul_Result[34]" at ALU.vhd(17) File: D:/20_FPGA_Demo/09_Mini_Project_ALU/ALU.vhd Line: 17
Info (10041): Inferred latch for "Mul_Result[35]" at ALU.vhd(17) File: D:/20_FPGA_Demo/09_Mini_Project_ALU/ALU.vhd Line: 17
Info (10041): Inferred latch for "Mul_Result[36]" at ALU.vhd(17) File: D:/20_FPGA_Demo/09_Mini_Project_ALU/ALU.vhd Line: 17
Info (10041): Inferred latch for "Mul_Result[37]" at ALU.vhd(17) File: D:/20_FPGA_Demo/09_Mini_Project_ALU/ALU.vhd Line: 17
Info (10041): Inferred latch for "Mul_Result[38]" at ALU.vhd(17) File: D:/20_FPGA_Demo/09_Mini_Project_ALU/ALU.vhd Line: 17
Info (10041): Inferred latch for "Mul_Result[39]" at ALU.vhd(17) File: D:/20_FPGA_Demo/09_Mini_Project_ALU/ALU.vhd Line: 17
Info (10041): Inferred latch for "Mul_Result[40]" at ALU.vhd(17) File: D:/20_FPGA_Demo/09_Mini_Project_ALU/ALU.vhd Line: 17
Info (10041): Inferred latch for "Mul_Result[41]" at ALU.vhd(17) File: D:/20_FPGA_Demo/09_Mini_Project_ALU/ALU.vhd Line: 17
Info (10041): Inferred latch for "Mul_Result[42]" at ALU.vhd(17) File: D:/20_FPGA_Demo/09_Mini_Project_ALU/ALU.vhd Line: 17
Info (10041): Inferred latch for "Mul_Result[43]" at ALU.vhd(17) File: D:/20_FPGA_Demo/09_Mini_Project_ALU/ALU.vhd Line: 17
Info (10041): Inferred latch for "Mul_Result[44]" at ALU.vhd(17) File: D:/20_FPGA_Demo/09_Mini_Project_ALU/ALU.vhd Line: 17
Info (10041): Inferred latch for "Mul_Result[45]" at ALU.vhd(17) File: D:/20_FPGA_Demo/09_Mini_Project_ALU/ALU.vhd Line: 17
Info (10041): Inferred latch for "Mul_Result[46]" at ALU.vhd(17) File: D:/20_FPGA_Demo/09_Mini_Project_ALU/ALU.vhd Line: 17
Info (10041): Inferred latch for "Mul_Result[47]" at ALU.vhd(17) File: D:/20_FPGA_Demo/09_Mini_Project_ALU/ALU.vhd Line: 17
Info (10041): Inferred latch for "Mul_Result[48]" at ALU.vhd(17) File: D:/20_FPGA_Demo/09_Mini_Project_ALU/ALU.vhd Line: 17
Info (10041): Inferred latch for "Mul_Result[49]" at ALU.vhd(17) File: D:/20_FPGA_Demo/09_Mini_Project_ALU/ALU.vhd Line: 17
Info (10041): Inferred latch for "Mul_Result[50]" at ALU.vhd(17) File: D:/20_FPGA_Demo/09_Mini_Project_ALU/ALU.vhd Line: 17
Info (10041): Inferred latch for "Mul_Result[51]" at ALU.vhd(17) File: D:/20_FPGA_Demo/09_Mini_Project_ALU/ALU.vhd Line: 17
Info (10041): Inferred latch for "Mul_Result[52]" at ALU.vhd(17) File: D:/20_FPGA_Demo/09_Mini_Project_ALU/ALU.vhd Line: 17
Info (10041): Inferred latch for "Mul_Result[53]" at ALU.vhd(17) File: D:/20_FPGA_Demo/09_Mini_Project_ALU/ALU.vhd Line: 17
Info (10041): Inferred latch for "Mul_Result[54]" at ALU.vhd(17) File: D:/20_FPGA_Demo/09_Mini_Project_ALU/ALU.vhd Line: 17
Info (10041): Inferred latch for "Mul_Result[55]" at ALU.vhd(17) File: D:/20_FPGA_Demo/09_Mini_Project_ALU/ALU.vhd Line: 17
Info (10041): Inferred latch for "Mul_Result[56]" at ALU.vhd(17) File: D:/20_FPGA_Demo/09_Mini_Project_ALU/ALU.vhd Line: 17
Info (10041): Inferred latch for "Mul_Result[57]" at ALU.vhd(17) File: D:/20_FPGA_Demo/09_Mini_Project_ALU/ALU.vhd Line: 17
Info (10041): Inferred latch for "Mul_Result[58]" at ALU.vhd(17) File: D:/20_FPGA_Demo/09_Mini_Project_ALU/ALU.vhd Line: 17
Info (10041): Inferred latch for "Mul_Result[59]" at ALU.vhd(17) File: D:/20_FPGA_Demo/09_Mini_Project_ALU/ALU.vhd Line: 17
Info (10041): Inferred latch for "Mul_Result[60]" at ALU.vhd(17) File: D:/20_FPGA_Demo/09_Mini_Project_ALU/ALU.vhd Line: 17
Info (10041): Inferred latch for "Mul_Result[61]" at ALU.vhd(17) File: D:/20_FPGA_Demo/09_Mini_Project_ALU/ALU.vhd Line: 17
Info (10041): Inferred latch for "Mul_Result[62]" at ALU.vhd(17) File: D:/20_FPGA_Demo/09_Mini_Project_ALU/ALU.vhd Line: 17
Info (10041): Inferred latch for "Mul_Result[63]" at ALU.vhd(17) File: D:/20_FPGA_Demo/09_Mini_Project_ALU/ALU.vhd Line: 17
Info: Quartus Prime Analysis & Elaboration was successful. 0 errors, 3 warnings
    Info: Peak virtual memory: 4780 megabytes
    Info: Processing ended: Tue Jul 16 10:35:00 2024
    Info: Elapsed time: 00:00:16
    Info: Total CPU time (on all processors): 00:00:31


