Analysis & Synthesis report for Lib_Pack
Wed Jul 10 11:09:33 2024
Quartus Prime Version 17.1.0 Build 590 10/25/2017 SJ Lite Edition


---------------------
; Table of Contents ;
---------------------
  1. Legal Notice
  2. Analysis & Synthesis Summary
  3. Analysis & Synthesis Settings
  4. Parallel Compilation
  5. Analysis & Synthesis Source Files Read
  6. Analysis & Synthesis Resource Usage Summary
  7. Analysis & Synthesis Resource Utilization by Entity
  8. General Register Statistics
  9. Port Connectivity Checks: "Ripple_Adder:cell_3"
 10. Port Connectivity Checks: "Ripple_Adder:cell_2"
 11. Port Connectivity Checks: "Ripple_Adder:cell_1"
 12. Post-Synthesis Netlist Statistics for Top Partition
 13. Elapsed Time Per Partition
 14. Analysis & Synthesis Messages



----------------
; Legal Notice ;
----------------
Copyright (C) 2017  Intel Corporation. All rights reserved.
Your use of Intel Corporation's design tools, logic functions 
and other software and tools, and its AMPP partner logic 
functions, and any output files from any of the foregoing 
(including device programming or simulation files), and any 
associated documentation or information are expressly subject 
to the terms and conditions of the Intel Program License 
Subscription Agreement, the Intel Quartus Prime License Agreement,
the Intel FPGA IP License Agreement, or other applicable license
agreement, including, without limitation, that your use is for
the sole purpose of programming logic devices manufactured by
Intel and sold by Intel or its authorized distributors.  Please
refer to the applicable agreement for further details.



+----------------------------------------------------------------------------------+
; Analysis & Synthesis Summary                                                     ;
+------------------------------------+---------------------------------------------+
; Analysis & Synthesis Status        ; Successful - Wed Jul 10 11:09:33 2024       ;
; Quartus Prime Version              ; 17.1.0 Build 590 10/25/2017 SJ Lite Edition ;
; Revision Name                      ; Lib_Pack                                    ;
; Top-level Entity Name              ; multy                                       ;
; Family                             ; Cyclone IV E                                ;
; Total logic elements               ; 31                                          ;
;     Total combinational functions  ; 31                                          ;
;     Dedicated logic registers      ; 0                                           ;
; Total registers                    ; 0                                           ;
; Total pins                         ; 16                                          ;
; Total virtual pins                 ; 0                                           ;
; Total memory bits                  ; 0                                           ;
; Embedded Multiplier 9-bit elements ; 0                                           ;
; Total PLLs                         ; 0                                           ;
+------------------------------------+---------------------------------------------+


+----------------------------------------------------------------------------------------------------------------------+
; Analysis & Synthesis Settings                                                                                        ;
+----------------------------------------------------------------------------+--------------------+--------------------+
; Option                                                                     ; Setting            ; Default Value      ;
+----------------------------------------------------------------------------+--------------------+--------------------+
; Device                                                                     ; EP4CE6F17C8        ;                    ;
; Top-level entity name                                                      ; multy              ; Lib_Pack           ;
; Family name                                                                ; Cyclone IV E       ; Cyclone V          ;
; Use smart compilation                                                      ; Off                ; Off                ;
; Enable parallel Assembler and TimeQuest Timing Analyzer during compilation ; On                 ; On                 ;
; Enable compact report table                                                ; Off                ; Off                ;
; Restructure Multiplexers                                                   ; Auto               ; Auto               ;
; Create Debugging Nodes for IP Cores                                        ; Off                ; Off                ;
; Preserve fewer node names                                                  ; On                 ; On                 ;
; Intel FPGA IP Evaluation Mode                                              ; Enable             ; Enable             ;
; Verilog Version                                                            ; Verilog_2001       ; Verilog_2001       ;
; VHDL Version                                                               ; VHDL_1993          ; VHDL_1993          ;
; State Machine Processing                                                   ; Auto               ; Auto               ;
; Safe State Machine                                                         ; Off                ; Off                ;
; Extract Verilog State Machines                                             ; On                 ; On                 ;
; Extract VHDL State Machines                                                ; On                 ; On                 ;
; Ignore Verilog initial constructs                                          ; Off                ; Off                ;
; Iteration limit for constant Verilog loops                                 ; 5000               ; 5000               ;
; Iteration limit for non-constant Verilog loops                             ; 250                ; 250                ;
; Add Pass-Through Logic to Inferred RAMs                                    ; On                 ; On                 ;
; Infer RAMs from Raw Logic                                                  ; On                 ; On                 ;
; Parallel Synthesis                                                         ; On                 ; On                 ;
; DSP Block Balancing                                                        ; Auto               ; Auto               ;
; NOT Gate Push-Back                                                         ; On                 ; On                 ;
; Power-Up Don't Care                                                        ; On                 ; On                 ;
; Remove Redundant Logic Cells                                               ; Off                ; Off                ;
; Remove Duplicate Registers                                                 ; On                 ; On                 ;
; Ignore CARRY Buffers                                                       ; Off                ; Off                ;
; Ignore CASCADE Buffers                                                     ; Off                ; Off                ;
; Ignore GLOBAL Buffers                                                      ; Off                ; Off                ;
; Ignore ROW GLOBAL Buffers                                                  ; Off                ; Off                ;
; Ignore LCELL Buffers                                                       ; Off                ; Off                ;
; Ignore SOFT Buffers                                                        ; On                 ; On                 ;
; Limit AHDL Integers to 32 Bits                                             ; Off                ; Off                ;
; Optimization Technique                                                     ; Balanced           ; Balanced           ;
; Carry Chain Length                                                         ; 70                 ; 70                 ;
; Auto Carry Chains                                                          ; On                 ; On                 ;
; Auto Open-Drain Pins                                                       ; On                 ; On                 ;
; Perform WYSIWYG Primitive Resynthesis                                      ; Off                ; Off                ;
; Auto ROM Replacement                                                       ; On                 ; On                 ;
; Auto RAM Replacement                                                       ; On                 ; On                 ;
; Auto DSP Block Replacement                                                 ; On                 ; On                 ;
; Auto Shift Register Replacement                                            ; Auto               ; Auto               ;
; Allow Shift Register Merging across Hierarchies                            ; Auto               ; Auto               ;
; Auto Clock Enable Replacement                                              ; On                 ; On                 ;
; Strict RAM Replacement                                                     ; Off                ; Off                ;
; Allow Synchronous Control Signals                                          ; On                 ; On                 ;
; Force Use of Synchronous Clear Signals                                     ; Off                ; Off                ;
; Auto RAM Block Balancing                                                   ; On                 ; On                 ;
; Auto RAM to Logic Cell Conversion                                          ; Off                ; Off                ;
; Auto Resource Sharing                                                      ; Off                ; Off                ;
; Allow Any RAM Size For Recognition                                         ; Off                ; Off                ;
; Allow Any ROM Size For Recognition                                         ; Off                ; Off                ;
; Allow Any Shift Register Size For Recognition                              ; Off                ; Off                ;
; Use LogicLock Constraints during Resource Balancing                        ; On                 ; On                 ;
; Ignore translate_off and synthesis_off directives                          ; Off                ; Off                ;
; Timing-Driven Synthesis                                                    ; On                 ; On                 ;
; Report Parameter Settings                                                  ; On                 ; On                 ;
; Report Source Assignments                                                  ; On                 ; On                 ;
; Report Connectivity Checks                                                 ; On                 ; On                 ;
; Ignore Maximum Fan-Out Assignments                                         ; Off                ; Off                ;
; Synchronization Register Chain Length                                      ; 2                  ; 2                  ;
; Power Optimization During Synthesis                                        ; Normal compilation ; Normal compilation ;
; HDL message level                                                          ; Level2             ; Level2             ;
; Suppress Register Optimization Related Messages                            ; Off                ; Off                ;
; Number of Removed Registers Reported in Synthesis Report                   ; 5000               ; 5000               ;
; Number of Swept Nodes Reported in Synthesis Report                         ; 5000               ; 5000               ;
; Number of Inverted Registers Reported in Synthesis Report                  ; 100                ; 100                ;
; Clock MUX Protection                                                       ; On                 ; On                 ;
; Auto Gated Clock Conversion                                                ; Off                ; Off                ;
; Block Design Naming                                                        ; Auto               ; Auto               ;
; SDC constraint protection                                                  ; Off                ; Off                ;
; Synthesis Effort                                                           ; Auto               ; Auto               ;
; Shift Register Replacement - Allow Asynchronous Clear Signal               ; On                 ; On                 ;
; Pre-Mapping Resynthesis Optimization                                       ; Off                ; Off                ;
; Analysis & Synthesis Message Level                                         ; Medium             ; Medium             ;
; Disable Register Merging Across Hierarchies                                ; Auto               ; Auto               ;
; Resource Aware Inference For Block RAM                                     ; On                 ; On                 ;
+----------------------------------------------------------------------------+--------------------+--------------------+


+------------------------------------------+
; Parallel Compilation                     ;
+----------------------------+-------------+
; Processors                 ; Number      ;
+----------------------------+-------------+
; Number detected on machine ; 16          ;
; Maximum allowed            ; 8           ;
;                            ;             ;
; Average used               ; 1.00        ;
; Maximum used               ; 1           ;
;                            ;             ;
; Usage by Processor         ; % Time Used ;
;     Processor 1            ; 100.0%      ;
+----------------------------+-------------+


+-------------------------------------------------------------------------------------------------------------------------------------+
; Analysis & Synthesis Source Files Read                                                                                              ;
+----------------------------------+-----------------+-----------------+----------------------------------------------------+---------+
; File Name with User-Entered Path ; Used in Netlist ; File Type       ; File Name with Absolute Path                       ; Library ;
+----------------------------------+-----------------+-----------------+----------------------------------------------------+---------+
; FullAdder.vhd                    ; yes             ; User VHDL File  ; D:/20_FPGA_Demo/06_Tuto_Pack_Libs/FullAdder.vhd    ;         ;
; Ripple_Adder.vhd                 ; yes             ; User VHDL File  ; D:/20_FPGA_Demo/06_Tuto_Pack_Libs/Ripple_Adder.vhd ;         ;
; multy.vhd                        ; yes             ; User VHDL File  ; D:/20_FPGA_Demo/06_Tuto_Pack_Libs/multy.vhd        ;         ;
+----------------------------------+-----------------+-----------------+----------------------------------------------------+---------+


+----------------------------------------------------------+
; Analysis & Synthesis Resource Usage Summary              ;
+---------------------------------------------+------------+
; Resource                                    ; Usage      ;
+---------------------------------------------+------------+
; Estimated Total logic elements              ; 31         ;
;                                             ;            ;
; Total combinational functions               ; 31         ;
; Logic element usage by number of LUT inputs ;            ;
;     -- 4 input functions                    ; 18         ;
;     -- 3 input functions                    ; 2          ;
;     -- <=2 input functions                  ; 11         ;
;                                             ;            ;
; Logic elements by mode                      ;            ;
;     -- normal mode                          ; 31         ;
;     -- arithmetic mode                      ; 0          ;
;                                             ;            ;
; Total registers                             ; 0          ;
;     -- Dedicated logic registers            ; 0          ;
;     -- I/O registers                        ; 0          ;
;                                             ;            ;
; I/O pins                                    ; 16         ;
;                                             ;            ;
; Embedded Multiplier 9-bit elements          ; 0          ;
;                                             ;            ;
; Maximum fan-out node                        ; x[0]~input ;
; Maximum fan-out                             ; 8          ;
; Total fan-out                               ; 124        ;
; Average fan-out                             ; 1.97       ;
+---------------------------------------------+------------+


+--------------------------------------------------------------------------------------------------------------------------------------------------------------------------------------------------------------------------------+
; Analysis & Synthesis Resource Utilization by Entity                                                                                                                                                                            ;
+----------------------------+---------------------+---------------------------+-------------+--------------+---------+-----------+------+--------------+------------------------------------------+--------------+--------------+
; Compilation Hierarchy Node ; Combinational ALUTs ; Dedicated Logic Registers ; Memory Bits ; DSP Elements ; DSP 9x9 ; DSP 18x18 ; Pins ; Virtual Pins ; Full Hierarchy Name                      ; Entity Name  ; Library Name ;
+----------------------------+---------------------+---------------------------+-------------+--------------+---------+-----------+------+--------------+------------------------------------------+--------------+--------------+
; |multy                     ; 31 (10)             ; 0 (0)                     ; 0           ; 0            ; 0       ; 0         ; 16   ; 0            ; |multy                                   ; multy        ; work         ;
;    |Ripple_Adder:cell_1|   ; 7 (0)               ; 0 (0)                     ; 0           ; 0            ; 0       ; 0         ; 0    ; 0            ; |multy|Ripple_Adder:cell_1               ; Ripple_Adder ; work         ;
;       |FullAdder:FA1|      ; 1 (1)               ; 0 (0)                     ; 0           ; 0            ; 0       ; 0         ; 0    ; 0            ; |multy|Ripple_Adder:cell_1|FullAdder:FA1 ; FullAdder    ; work         ;
;       |FullAdder:FA2|      ; 4 (4)               ; 0 (0)                     ; 0           ; 0            ; 0       ; 0         ; 0    ; 0            ; |multy|Ripple_Adder:cell_1|FullAdder:FA2 ; FullAdder    ; work         ;
;       |FullAdder:FA3|      ; 2 (2)               ; 0 (0)                     ; 0           ; 0            ; 0       ; 0         ; 0    ; 0            ; |multy|Ripple_Adder:cell_1|FullAdder:FA3 ; FullAdder    ; work         ;
;    |Ripple_Adder:cell_2|   ; 7 (0)               ; 0 (0)                     ; 0           ; 0            ; 0       ; 0         ; 0    ; 0            ; |multy|Ripple_Adder:cell_2               ; Ripple_Adder ; work         ;
;       |FullAdder:FA1|      ; 1 (1)               ; 0 (0)                     ; 0           ; 0            ; 0       ; 0         ; 0    ; 0            ; |multy|Ripple_Adder:cell_2|FullAdder:FA1 ; FullAdder    ; work         ;
;       |FullAdder:FA2|      ; 2 (2)               ; 0 (0)                     ; 0           ; 0            ; 0       ; 0         ; 0    ; 0            ; |multy|Ripple_Adder:cell_2|FullAdder:FA2 ; FullAdder    ; work         ;
;       |FullAdder:FA3|      ; 2 (2)               ; 0 (0)                     ; 0           ; 0            ; 0       ; 0         ; 0    ; 0            ; |multy|Ripple_Adder:cell_2|FullAdder:FA3 ; FullAdder    ; work         ;
;       |FullAdder:FA4|      ; 2 (2)               ; 0 (0)                     ; 0           ; 0            ; 0       ; 0         ; 0    ; 0            ; |multy|Ripple_Adder:cell_2|FullAdder:FA4 ; FullAdder    ; work         ;
;    |Ripple_Adder:cell_3|   ; 7 (0)               ; 0 (0)                     ; 0           ; 0            ; 0       ; 0         ; 0    ; 0            ; |multy|Ripple_Adder:cell_3               ; Ripple_Adder ; work         ;
;       |FullAdder:FA1|      ; 1 (1)               ; 0 (0)                     ; 0           ; 0            ; 0       ; 0         ; 0    ; 0            ; |multy|Ripple_Adder:cell_3|FullAdder:FA1 ; FullAdder    ; work         ;
;       |FullAdder:FA2|      ; 2 (2)               ; 0 (0)                     ; 0           ; 0            ; 0       ; 0         ; 0    ; 0            ; |multy|Ripple_Adder:cell_3|FullAdder:FA2 ; FullAdder    ; work         ;
;       |FullAdder:FA3|      ; 2 (2)               ; 0 (0)                     ; 0           ; 0            ; 0       ; 0         ; 0    ; 0            ; |multy|Ripple_Adder:cell_3|FullAdder:FA3 ; FullAdder    ; work         ;
;       |FullAdder:FA4|      ; 2 (2)               ; 0 (0)                     ; 0           ; 0            ; 0       ; 0         ; 0    ; 0            ; |multy|Ripple_Adder:cell_3|FullAdder:FA4 ; FullAdder    ; work         ;
+----------------------------+---------------------+---------------------------+-------------+--------------+---------+-----------+------+--------------+------------------------------------------+--------------+--------------+
Note: For table entries with two numbers listed, the numbers in parentheses indicate the number of resources of the given type used by the specific entity alone. The numbers listed outside of parentheses indicate the total resources of the given type used by the specific entity and all of its sub-entities in the hierarchy.


+------------------------------------------------------+
; General Register Statistics                          ;
+----------------------------------------------+-------+
; Statistic                                    ; Value ;
+----------------------------------------------+-------+
; Total registers                              ; 0     ;
; Number of registers using Synchronous Clear  ; 0     ;
; Number of registers using Synchronous Load   ; 0     ;
; Number of registers using Asynchronous Clear ; 0     ;
; Number of registers using Asynchronous Load  ; 0     ;
; Number of registers using Clock Enable       ; 0     ;
; Number of registers using Preset             ; 0     ;
+----------------------------------------------+-------+


+-------------------------------------------------+
; Port Connectivity Checks: "Ripple_Adder:cell_3" ;
+------+-------+----------+-----------------------+
; Port ; Type  ; Severity ; Details               ;
+------+-------+----------+-----------------------+
; cin  ; Input ; Info     ; Stuck at GND          ;
+------+-------+----------+-----------------------+


+-------------------------------------------------+
; Port Connectivity Checks: "Ripple_Adder:cell_2" ;
+------+-------+----------+-----------------------+
; Port ; Type  ; Severity ; Details               ;
+------+-------+----------+-----------------------+
; cin  ; Input ; Info     ; Stuck at GND          ;
+------+-------+----------+-----------------------+


+-------------------------------------------------+
; Port Connectivity Checks: "Ripple_Adder:cell_1" ;
+------+-------+----------+-----------------------+
; Port ; Type  ; Severity ; Details               ;
+------+-------+----------+-----------------------+
; b[3] ; Input ; Info     ; Stuck at GND          ;
; cin  ; Input ; Info     ; Stuck at GND          ;
+------+-------+----------+-----------------------+


+-----------------------------------------------------+
; Post-Synthesis Netlist Statistics for Top Partition ;
+-----------------------+-----------------------------+
; Type                  ; Count                       ;
+-----------------------+-----------------------------+
; boundary_port         ; 16                          ;
; cycloneiii_lcell_comb ; 31                          ;
;     normal            ; 31                          ;
;         2 data inputs ; 11                          ;
;         3 data inputs ; 2                           ;
;         4 data inputs ; 18                          ;
;                       ;                             ;
; Max LUT depth         ; 8.00                        ;
; Average LUT depth     ; 6.13                        ;
+-----------------------+-----------------------------+


+-------------------------------+
; Elapsed Time Per Partition    ;
+----------------+--------------+
; Partition Name ; Elapsed Time ;
+----------------+--------------+
; Top            ; 00:00:00     ;
+----------------+--------------+


+-------------------------------+
; Analysis & Synthesis Messages ;
+-------------------------------+
Info: *******************************************************************
Info: Running Quartus Prime Analysis & Synthesis
    Info: Version 17.1.0 Build 590 10/25/2017 SJ Lite Edition
    Info: Processing started: Wed Jul 10 11:09:16 2024
Info: Command: quartus_map --read_settings_files=on --write_settings_files=off Lib_Pack -c Lib_Pack
Warning (18236): Number of processors has not been specified which may cause overloading on shared machines.  Set the global assignment NUM_PARALLEL_PROCESSORS in your QSF to an appropriate value for best performance.
Info (20030): Parallel compilation is enabled and will use 8 of the 8 processors detected
Info (12021): Found 2 design units, including 1 entities, in source file lib_pack.vhd
    Info (12022): Found design unit 1: Lib_Pack-Behavioral File: D:/20_FPGA_Demo/06_Tuto_Pack_Libs/Lib_Pack.vhd Line: 11
    Info (12023): Found entity 1: Lib_Pack File: D:/20_FPGA_Demo/06_Tuto_Pack_Libs/Lib_Pack.vhd Line: 5
Info (12021): Found 2 design units, including 0 entities, in source file my_package.vhd
    Info (12022): Found design unit 1: my_package File: D:/20_FPGA_Demo/06_Tuto_Pack_Libs/my_package.vhd Line: 6
    Info (12022): Found design unit 2: my_package-body File: D:/20_FPGA_Demo/06_Tuto_Pack_Libs/my_package.vhd Line: 12
Info (12021): Found 2 design units, including 1 entities, in source file custom_exemple.vhd
    Info (12022): Found design unit 1: custom_exemple-Behavioral File: D:/20_FPGA_Demo/06_Tuto_Pack_Libs/custom_exemple.vhd Line: 11
    Info (12023): Found entity 1: custom_exemple File: D:/20_FPGA_Demo/06_Tuto_Pack_Libs/custom_exemple.vhd Line: 5
Info (12021): Found 2 design units, including 1 entities, in source file tb_custom_example.vhd
    Info (12022): Found design unit 1: tb_custom_example-testbench File: D:/20_FPGA_Demo/06_Tuto_Pack_Libs/tb_custom_example.vhd Line: 10
    Info (12023): Found entity 1: tb_custom_example File: D:/20_FPGA_Demo/06_Tuto_Pack_Libs/tb_custom_example.vhd Line: 6
Info (12021): Found 2 design units, including 1 entities, in source file binarymultiplier .vhd
    Info (12022): Found design unit 1: BinaryMultiplier-Behavioral File: D:/20_FPGA_Demo/06_Tuto_Pack_Libs/BinaryMultiplier .vhd Line: 13
    Info (12023): Found entity 1: BinaryMultiplier File: D:/20_FPGA_Demo/06_Tuto_Pack_Libs/BinaryMultiplier .vhd Line: 5
Info (12021): Found 2 design units, including 1 entities, in source file binarymultiplier_testbench.vhd
    Info (12022): Found design unit 1: BinaryMultiplier_Testbench-Behavioral File: D:/20_FPGA_Demo/06_Tuto_Pack_Libs/BinaryMultiplier_Testbench.vhd Line: 8
    Info (12023): Found entity 1: BinaryMultiplier_Testbench File: D:/20_FPGA_Demo/06_Tuto_Pack_Libs/BinaryMultiplier_Testbench.vhd Line: 5
Info (12021): Found 2 design units, including 1 entities, in source file halfadder.vhd
    Info (12022): Found design unit 1: HalfAdder-Behavioral File: D:/20_FPGA_Demo/06_Tuto_Pack_Libs/HalfAdder.vhd Line: 13
    Info (12023): Found entity 1: HalfAdder File: D:/20_FPGA_Demo/06_Tuto_Pack_Libs/HalfAdder.vhd Line: 4
Info (12021): Found 2 design units, including 1 entities, in source file fulladder.vhd
    Info (12022): Found design unit 1: FullAdder-Behavioral File: D:/20_FPGA_Demo/06_Tuto_Pack_Libs/FullAdder.vhd Line: 14
    Info (12023): Found entity 1: FullAdder File: D:/20_FPGA_Demo/06_Tuto_Pack_Libs/FullAdder.vhd Line: 4
Info (12021): Found 2 design units, including 1 entities, in source file ripple_adder.vhd
    Info (12022): Found design unit 1: Ripple_Adder-Behavioral File: D:/20_FPGA_Demo/06_Tuto_Pack_Libs/Ripple_Adder.vhd Line: 13
    Info (12023): Found entity 1: Ripple_Adder File: D:/20_FPGA_Demo/06_Tuto_Pack_Libs/Ripple_Adder.vhd Line: 5
Info (12021): Found 2 design units, including 1 entities, in source file multy.vhd
    Info (12022): Found design unit 1: multy-rtl File: D:/20_FPGA_Demo/06_Tuto_Pack_Libs/multy.vhd Line: 14
    Info (12023): Found entity 1: multy File: D:/20_FPGA_Demo/06_Tuto_Pack_Libs/multy.vhd Line: 6
Info (12127): Elaborating entity "multy" for the top level hierarchy
Info (12128): Elaborating entity "Ripple_Adder" for hierarchy "Ripple_Adder:cell_1" File: D:/20_FPGA_Demo/06_Tuto_Pack_Libs/multy.vhd Line: 40
Info (12128): Elaborating entity "FullAdder" for hierarchy "Ripple_Adder:cell_1|FullAdder:FA1" File: D:/20_FPGA_Demo/06_Tuto_Pack_Libs/Ripple_Adder.vhd Line: 32
Info (286030): Timing-Driven Synthesis is running
Info (16010): Generating hard_block partition "hard_block:auto_generated_inst"
    Info (16011): Adding 0 node(s), including 0 DDIO, 0 PLL, 0 transceiver and 0 LCELL
Info (21057): Implemented 47 device resources after synthesis - the final resource count might be different
    Info (21058): Implemented 8 input pins
    Info (21059): Implemented 8 output pins
    Info (21061): Implemented 31 logic cells
Info: Quartus Prime Analysis & Synthesis was successful. 0 errors, 1 warning
    Info: Peak virtual memory: 4798 megabytes
    Info: Processing ended: Wed Jul 10 11:09:33 2024
    Info: Elapsed time: 00:00:17
    Info: Total CPU time (on all processors): 00:00:35


