Flow report for Lib_Pack
Wed Jul 10 11:19:50 2024
Quartus Prime Version 17.1.0 Build 590 10/25/2017 SJ Lite Edition


---------------------
; Table of Contents ;
---------------------
  1. Legal Notice
  2. Flow Summary
  3. Flow Settings
  4. Flow Non-Default Global Settings
  5. Flow Elapsed Time
  6. Flow OS Summary
  7. Flow Log
  8. Flow Messages
  9. Flow Suppressed Messages



----------------
; Legal Notice ;
----------------
Copyright (C) 2017  Intel Corporation. All rights reserved.
Your use of Intel Corporation's design tools, logic functions 
and other software and tools, and its AMPP partner logic 
functions, and any output files from any of the foregoing 
(including device programming or simulation files), and any 
associated documentation or information are expressly subject 
to the terms and conditions of the Intel Program License 
Subscription Agreement, the Intel Quartus Prime License Agreement,
the Intel FPGA IP License Agreement, or other applicable license
agreement, including, without limitation, that your use is for
the sole purpose of programming logic devices manufactured by
Intel and sold by Intel or its authorized distributors.  Please
refer to the applicable agreement for further details.



+----------------------------------------------------------------------------------+
; Flow Summary                                                                     ;
+------------------------------------+---------------------------------------------+
; Flow Status                        ; Successful - Wed Jul 10 11:19:50 2024       ;
; Quartus Prime Version              ; 17.1.0 Build 590 10/25/2017 SJ Lite Edition ;
; Revision Name                      ; Lib_Pack                                    ;
; Top-level Entity Name              ; multy                                       ;
; Family                             ; Cyclone IV E                                ;
; Device                             ; EP4CE6F17C8                                 ;
; Timing Models                      ; Final                                       ;
; Total logic elements               ; 31 / 6,272 ( < 1 % )                        ;
;     Total combinational functions  ; 31 / 6,272 ( < 1 % )                        ;
;     Dedicated logic registers      ; 0 / 6,272 ( 0 % )                           ;
; Total registers                    ; 0                                           ;
; Total pins                         ; 16 / 180 ( 9 % )                            ;
; Total virtual pins                 ; 0                                           ;
; Total memory bits                  ; 0 / 276,480 ( 0 % )                         ;
; Embedded Multiplier 9-bit elements ; 0 / 30 ( 0 % )                              ;
; Total PLLs                         ; 0 / 2 ( 0 % )                               ;
+------------------------------------+---------------------------------------------+


+-----------------------------------------+
; Flow Settings                           ;
+-------------------+---------------------+
; Option            ; Setting             ;
+-------------------+---------------------+
; Start date & time ; 07/10/2024 11:09:17 ;
; Main task         ; Compilation         ;
; Revision Name     ; Lib_Pack            ;
+-------------------+---------------------+


+------------------------------------------------------------------------------------------------------------------------------------------+
; Flow Non-Default Global Settings                                                                                                         ;
+--------------------------------------+----------------------------------------+---------------+-------------+----------------------------+
; Assignment Name                      ; Value                                  ; Default Value ; Entity Name ; Section Id                 ;
+--------------------------------------+----------------------------------------+---------------+-------------+----------------------------+
; COMPILER_SIGNATURE_ID                ; 159090361224306.172060255612940        ; --            ; --          ; --                         ;
; EDA_DESIGN_INSTANCE_NAME             ; NA                                     ; --            ; --          ; BinaryMultiplier_Testbench ;
; EDA_DESIGN_INSTANCE_NAME             ; NA                                     ; --            ; --          ; multy_tb                   ;
; EDA_DESIGN_INSTANCE_NAME             ; NA                                     ; --            ; --          ; tb_custom_example          ;
; EDA_NATIVELINK_SIMULATION_TEST_BENCH ; multy_tb                               ; --            ; --          ; eda_simulation             ;
; EDA_OUTPUT_DATA_FORMAT               ; Vhdl                                   ; --            ; --          ; eda_simulation             ;
; EDA_SIMULATION_TOOL                  ; ModelSim-Altera (VHDL)                 ; <None>        ; --          ; --                         ;
; EDA_TEST_BENCH_ENABLE_STATUS         ; TEST_BENCH_MODE                        ; --            ; --          ; eda_simulation             ;
; EDA_TEST_BENCH_FILE                  ; BinaryMultiplier_Testbench.vhd         ; --            ; --          ; BinaryMultiplier_Testbench ;
; EDA_TEST_BENCH_FILE                  ; multy_tb.vhd                           ; --            ; --          ; multy_tb                   ;
; EDA_TEST_BENCH_FILE                  ; tb_custom_example.vhd                  ; --            ; --          ; tb_custom_example          ;
; EDA_TEST_BENCH_MODULE_NAME           ; BinaryMultiplier_Testbench             ; --            ; --          ; BinaryMultiplier_Testbench ;
; EDA_TEST_BENCH_MODULE_NAME           ; multy_tb                               ; --            ; --          ; multy_tb                   ;
; EDA_TEST_BENCH_MODULE_NAME           ; tb_custom_example                      ; --            ; --          ; tb_custom_example          ;
; EDA_TEST_BENCH_NAME                  ; tb_custom_example                      ; --            ; --          ; eda_simulation             ;
; EDA_TEST_BENCH_NAME                  ; BinaryMultiplier_Testbench             ; --            ; --          ; eda_simulation             ;
; EDA_TEST_BENCH_NAME                  ; multy_tb                               ; --            ; --          ; eda_simulation             ;
; EDA_TIME_SCALE                       ; 1 ps                                   ; --            ; --          ; eda_simulation             ;
; MAX_CORE_JUNCTION_TEMP               ; 85                                     ; --            ; --          ; --                         ;
; MIN_CORE_JUNCTION_TEMP               ; 0                                      ; --            ; --          ; --                         ;
; NOMINAL_CORE_SUPPLY_VOLTAGE          ; 1.2V                                   ; --            ; --          ; --                         ;
; PARTITION_COLOR                      ; -- (Not supported for targeted family) ; --            ; multy       ; Top                        ;
; PARTITION_FITTER_PRESERVATION_LEVEL  ; -- (Not supported for targeted family) ; --            ; multy       ; Top                        ;
; PARTITION_NETLIST_TYPE               ; -- (Not supported for targeted family) ; --            ; multy       ; Top                        ;
; POWER_BOARD_THERMAL_MODEL            ; None (CONSERVATIVE)                    ; --            ; --          ; --                         ;
; POWER_PRESET_COOLING_SOLUTION        ; 23 MM HEAT SINK WITH 200 LFPM AIRFLOW  ; --            ; --          ; --                         ;
; PROJECT_OUTPUT_DIRECTORY             ; output_files                           ; --            ; --          ; --                         ;
; TOP_LEVEL_ENTITY                     ; multy                                  ; Lib_Pack      ; --          ; --                         ;
+--------------------------------------+----------------------------------------+---------------+-------------+----------------------------+


+-------------------------------------------------------------------------------------------------------------------------------+
; Flow Elapsed Time                                                                                                             ;
+---------------------------+--------------+-------------------------+---------------------+------------------------------------+
; Module Name               ; Elapsed Time ; Average Processors Used ; Peak Virtual Memory ; Total CPU Time (on all processors) ;
+---------------------------+--------------+-------------------------+---------------------+------------------------------------+
; Analysis & Synthesis      ; 00:00:17     ; 1.0                     ; 4798 MB             ; 00:00:35                           ;
; Fitter                    ; 00:00:06     ; 1.0                     ; 5778 MB             ; 00:00:06                           ;
; Assembler                 ; 00:00:01     ; 1.0                     ; 4667 MB             ; 00:00:01                           ;
; TimeQuest Timing Analyzer ; 00:00:03     ; 1.0                     ; 4791 MB             ; 00:00:03                           ;
; EDA Netlist Writer        ; 00:00:01     ; 1.0                     ; 4635 MB             ; 00:00:02                           ;
; EDA Netlist Writer        ; 00:00:02     ; 1.0                     ; 4619 MB             ; 00:00:02                           ;
; EDA Netlist Writer        ; 00:00:02     ; 1.0                     ; 4628 MB             ; 00:00:02                           ;
; Total                     ; 00:00:32     ; --                      ; --                  ; 00:00:51                           ;
+---------------------------+--------------+-------------------------+---------------------+------------------------------------+


+-----------------------------------------------------------------------------------------+
; Flow OS Summary                                                                         ;
+---------------------------+------------------+------------+------------+----------------+
; Module Name               ; Machine Hostname ; OS Name    ; OS Version ; Processor type ;
+---------------------------+------------------+------------+------------+----------------+
; Analysis & Synthesis      ; Destop-Tarik     ; Windows 10 ; 10.0       ; x86_64         ;
; Fitter                    ; Destop-Tarik     ; Windows 10 ; 10.0       ; x86_64         ;
; Assembler                 ; Destop-Tarik     ; Windows 10 ; 10.0       ; x86_64         ;
; TimeQuest Timing Analyzer ; Destop-Tarik     ; Windows 10 ; 10.0       ; x86_64         ;
; EDA Netlist Writer        ; Destop-Tarik     ; Windows 10 ; 10.0       ; x86_64         ;
; EDA Netlist Writer        ; Destop-Tarik     ; Windows 10 ; 10.0       ; x86_64         ;
; EDA Netlist Writer        ; Destop-Tarik     ; Windows 10 ; 10.0       ; x86_64         ;
+---------------------------+------------------+------------+------------+----------------+


------------
; Flow Log ;
------------
quartus_map --read_settings_files=on --write_settings_files=off Lib_Pack -c Lib_Pack
quartus_fit --read_settings_files=off --write_settings_files=off Lib_Pack -c Lib_Pack
quartus_asm --read_settings_files=off --write_settings_files=off Lib_Pack -c Lib_Pack
quartus_sta Lib_Pack -c Lib_Pack
quartus_eda --read_settings_files=off --write_settings_files=off Lib_Pack -c Lib_Pack
quartus_eda --gen_testbench --tool=modelsim_oem --format=vhdl --write_settings_files=off Lib_Pack -c Lib_Pack --vector_source=D:/20_FPGA_Demo/06_Tuto_Pack_Libs/Waveform.vwf --testbench_file=D:/20_FPGA_Demo/06_Tuto_Pack_Libs/simulation/qsim/Waveform.vwf.vht
quartus_eda --write_settings_files=off --simulation=on --functional=on --flatten_buses=off --tool=modelsim_oem --format=vhdl --output_directory=D:/20_FPGA_Demo/06_Tuto_Pack_Libs/simulation/qsim/ Lib_Pack -c Lib_Pack



